<?xml version="1.0" encoding="UTF-8"?>
<testng-results ignored="0" total="1" passed="1" failed="0" skipped="0">
  <reporter-output>
  </reporter-output>
  <suite started-at="2026-08-12T10:56:59 IST" name="Surefire suite" finished-at="2026-08-12T10:57:01 IST" duration-ms="2040">
    <groups>
      <group name="cucumber">
        <method signature="AbstractTestNGCucumberTests.runScenario(io.cucumber.testng.PickleWrapper,io.cucumber.testng.FeatureWrapper)[pri:0, instance:testrunner.TestRunner@6ab7a896]" name="runScenario" class="io.cucumber.testng.AbstractTestNGCucumberTests"/>
      </group> <!-- cucumber -->
    </groups>
    <test started-at="2026-08-12T10:56:59 IST" name="Surefire test" finished-at="2026-08-12T10:57:01 IST" duration-ms="2040">
      <class name="testrunner.TestRunner">
        <test-method is-config="true" signature="setUpClass(org.testng.ITestContext)[pri:0, instance:testrunner.TestRunner@6ab7a896]" started-at="2026-08-12T10:56:59 IST" name="setUpClass" finished-at="2026-08-12T10:57:00 IST" duration-ms="311" status="PASS">
          <params>
            <param index="0">
              <value>
                <![CDATA[org.testng.TestRunner@677b8e13]]>
              </value>
            </param>
          </params>
          <reporter-output>
          </reporter-output>
        </test-method> <!-- setUpClass -->
        <test-method signature="runScenario(io.cucumber.testng.PickleWrapper,io.cucumber.testng.FeatureWrapper)[pri:0, instance:testrunner.TestRunner@6ab7a896]" started-at="2026-08-12T10:57:00 IST" name="runScenario" description="Runs Cucumber Scenarios" data-provider="scenarios" finished-at="2026-08-12T10:57:01 IST" duration-ms="1698" status="PASS">
          <params>
            <param index="0">
              <value>
                <![CDATA["Successful login with valid credentials"]]>
              </value>
            </param>
            <param index="1">
              <value>
                <![CDATA["User Login"]]>
              </value>
            </param>
          </params>
          <reporter-output>
          </reporter-output>
        </test-method> <!-- runScenario -->
        <test-method is-config="true" signature="tearDownClass()[pri:0, instance:testrunner.TestRunner@6ab7a896]" started-at="2026-08-12T10:57:01 IST" name="tearDownClass" finished-at="2026-08-12T10:57:01 IST" duration-ms="11" status="PASS">
          <reporter-output>
          </reporter-output>
        </test-method> <!-- tearDownClass -->
      </class> <!-- testrunner.TestRunner -->
    </test> <!-- Surefire test -->
  </suite> <!-- Surefire suite -->
</testng-results>
